<?xml version="1.0" encoding="UTF-8"?>
<testsuite name="com.ll.level0.p120904.Tests" tests="3" skipped="0" failures="0" errors="0" timestamp="2024-01-17T04:40:13" hostname="sonhansol-ui-MacBookPro.local" time="0.046">
  <properties/>
  <testcase name="29183, 1 =&gt; 3" classname="com.ll.level0.p120904.Tests" time="0.041"/>
  <testcase name="232443, 4 =&gt; 4" classname="com.ll.level0.p120904.Tests" time="0.001"/>
  <testcase name="123456, 7 =&gt; -1" classname="com.ll.level0.p120904.Tests" time="0.001"/>
  <system-out><![CDATA[]]></system-out>
  <system-err><![CDATA[]]></system-err>
</testsuite>
