<?xml version="1.0" encoding="UTF-8"?>
<testsuite name="com.ll.level0.p120911.Tests" tests="2" skipped="0" failures="0" errors="0" timestamp="2024-01-19T00:57:14" hostname="sonhansol-ui-MacBookPro.local" time="0.048">
  <properties/>
  <testcase name="&quot;Bcad&quot; =&gt; &quot;abcd&quot;" classname="com.ll.level0.p120911.Tests" time="0.046"/>
  <testcase name="&quot;heLLo&quot; =&gt; &quot;ehllo&quot;" classname="com.ll.level0.p120911.Tests" time="0.0"/>
  <system-out><![CDATA[]]></system-out>
  <system-err><![CDATA[]]></system-err>
</testsuite>
